<?xml version="1.0" encoding="UTF-8"?>
<!-- Generated by org.testng.reporters.JUnitReportReporter -->
<testsuite hostname="DERIW50Z0019" name="APITest.AllTest" tests="1" failures="0" timestamp="20 Mar 2018 11:18:35 GMT" time="2.943" errors="0">
  <testcase name="getRoundTemplate" time="2.943" classname="APITest.AllTest"/>
</testsuite> <!-- APITest.AllTest -->
