<?xml version="1.0" encoding="UTF-8"?>
<!-- Generated by org.testng.reporters.JUnitReportReporter -->
<testsuite hostname="DERIW50Z0019" name="APITest.Get" tests="1" failures="0" timestamp="20 Mar 2018 11:32:12 GMT" time="2.938" errors="0">
  <testcase name="GetTest" time="2.938" classname="APITest.Get"/>
</testsuite> <!-- APITest.Get -->
