<?xml version="1.0" encoding="UTF-8"?>
<!-- Generated by org.testng.reporters.JUnitReportReporter -->
<testsuite hostname="DERIW50Z0019" name="APITest.Test01" tests="1" failures="0" timestamp="20 Mar 2018 11:06:48 GMT" time="3.413" errors="0">
  <testcase name="getRoundSetup" time="3.413" classname="APITest.Test01"/>
</testsuite> <!-- APITest.Test01 -->
